<?xml version="1.0" encoding="UTF-8"?>
<coverage generated="1520488773076" clover="3.2.0">
  <project timestamp="1520488773076" name="All files">
    <metrics statements="33" coveredstatements="6" conditionals="8" coveredconditionals="0" methods="15" coveredmethods="3" elements="56" coveredelements="9" complexity="0" loc="33" ncloc="33" packages="8" files="11" classes="11">
      <package name="src">
        <metrics statements="9" coveredstatements="1" conditionals="4" coveredconditionals="0" methods="1" coveredmethods="0"/>
        <file name="index.js" path="/home/joseph/Github/josephmcasey.com/src/index.js">
          <metrics statements="8" coveredstatements="0" conditionals="4" coveredconditionals="0" methods="1" coveredmethods="0"/>
          <line num="1" count="0" type="stmt"/>
          <line num="2" count="0" type="stmt"/>
          <line num="4" count="0" type="stmt"/>
          <line num="5" count="0" type="stmt"/>
          <line num="6" count="0" type="stmt"/>
          <line num="8" count="0" type="stmt"/>
          <line num="9" count="0" type="cond" truecount="0" falsecount="4"/>
          <line num="11" count="0" type="stmt"/>
        </file>
        <file name="setupTests.js" path="/home/joseph/Github/josephmcasey.com/src/setupTests.js">
          <metrics statements="1" coveredstatements="1" conditionals="0" coveredconditionals="0" methods="0" coveredmethods="0"/>
          <line num="5" count="2" type="stmt"/>
        </file>
      </package>
      <package name="src.Components.Card">
        <metrics statements="13" coveredstatements="0" conditionals="0" coveredconditionals="0" methods="6" coveredmethods="0"/>
        <file name="GenericCard.js" path="/home/joseph/Github/josephmcasey.com/src/Components/Card/GenericCard.js">
          <metrics statements="5" coveredstatements="0" conditionals="0" coveredconditionals="0" methods="2" coveredmethods="0"/>
          <line num="8" count="0" type="stmt"/>
          <line num="10" count="0" type="stmt"/>
          <line num="14" count="0" type="stmt"/>
          <line num="16" count="0" type="stmt"/>
          <line num="18" count="0" type="stmt"/>
        </file>
        <file name="MediumCard.js" path="/home/joseph/Github/josephmcasey.com/src/Components/Card/MediumCard.js">
          <metrics statements="4" coveredstatements="0" conditionals="0" coveredconditionals="0" methods="2" coveredmethods="0"/>
          <line num="6" count="0" type="stmt"/>
          <line num="10" count="0" type="stmt"/>
          <line num="12" count="0" type="stmt"/>
          <line num="14" count="0" type="stmt"/>
        </file>
        <file name="TwitterCard.js" path="/home/joseph/Github/josephmcasey.com/src/Components/Card/TwitterCard.js">
          <metrics statements="4" coveredstatements="0" conditionals="0" coveredconditionals="0" methods="2" coveredmethods="0"/>
          <line num="6" count="0" type="stmt"/>
          <line num="10" count="0" type="stmt"/>
          <line num="12" count="0" type="stmt"/>
          <line num="14" count="0" type="stmt"/>
        </file>
      </package>
      <package name="src.Components.Footer">
        <metrics statements="1" coveredstatements="0" conditionals="0" coveredconditionals="0" methods="1" coveredmethods="0"/>
        <file name="Footer.js" path="/home/joseph/Github/josephmcasey.com/src/Components/Footer/Footer.js">
          <metrics statements="1" coveredstatements="0" conditionals="0" coveredconditionals="0" methods="1" coveredmethods="0"/>
          <line num="5" count="0" type="stmt"/>
        </file>
      </package>
      <package name="src.Components.Name">
        <metrics statements="3" coveredstatements="0" conditionals="4" coveredconditionals="0" methods="2" coveredmethods="0"/>
        <file name="Name.js" path="/home/joseph/Github/josephmcasey.com/src/Components/Name/Name.js">
          <metrics statements="3" coveredstatements="0" conditionals="4" coveredconditionals="0" methods="2" coveredmethods="0"/>
          <line num="1" count="0" type="cond" truecount="0" falsecount="4"/>
          <line num="8" count="0" type="stmt"/>
          <line num="16" count="0" type="stmt"/>
        </file>
      </package>
      <package name="src.Components.SearchResults">
        <metrics statements="1" coveredstatements="0" conditionals="0" coveredconditionals="0" methods="1" coveredmethods="0"/>
        <file name="SearchResults.js" path="/home/joseph/Github/josephmcasey.com/src/Components/SearchResults/SearchResults.js">
          <metrics statements="1" coveredstatements="0" conditionals="0" coveredconditionals="0" methods="1" coveredmethods="0"/>
          <line num="11" count="0" type="stmt"/>
        </file>
      </package>
      <package name="src.Components.Sidebar">
        <metrics statements="1" coveredstatements="0" conditionals="0" coveredconditionals="0" methods="1" coveredmethods="0"/>
        <file name="Sidebar.js" path="/home/joseph/Github/josephmcasey.com/src/Components/Sidebar/Sidebar.js">
          <metrics statements="1" coveredstatements="0" conditionals="0" coveredconditionals="0" methods="1" coveredmethods="0"/>
          <line num="6" count="0" type="stmt"/>
        </file>
      </package>
      <package name="src.Pages.Home">
        <metrics statements="1" coveredstatements="1" conditionals="0" coveredconditionals="0" methods="1" coveredmethods="1"/>
        <file name="Home.js" path="/home/joseph/Github/josephmcasey.com/src/Pages/Home/Home.js">
          <metrics statements="1" coveredstatements="1" conditionals="0" coveredconditionals="0" methods="1" coveredmethods="1"/>
          <line num="8" count="1" type="stmt"/>
        </file>
      </package>
      <package name="src.Pages.Library">
        <metrics statements="4" coveredstatements="4" conditionals="0" coveredconditionals="0" methods="2" coveredmethods="2"/>
        <file name="Library.js" path="/home/joseph/Github/josephmcasey.com/src/Pages/Library/Library.js">
          <metrics statements="4" coveredstatements="4" conditionals="0" coveredconditionals="0" methods="2" coveredmethods="2"/>
          <line num="8" count="1" type="stmt"/>
          <line num="10" count="1" type="stmt"/>
          <line num="49" count="1" type="stmt"/>
          <line num="51" count="1" type="stmt"/>
        </file>
      </package>
    </metrics>
  </project>
</coverage>
