{"/home/joseph/Github/josephmcasey.com/src/index.js": {"path":"/home/joseph/Github/josephmcasey.com/src/index.js","statementMap":{"0":{"start":{"line":1,"column":32},"end":{"line":1,"column":83}},"1":{"start":{"line":1,"column":97},"end":{"line":1,"column":113}},"2":{"start":{"line":1,"column":128},"end":{"line":1,"column":158}},"3":{"start":{"line":2,"column":16},"end":{"line":2,"column":36}},"4":{"start":{"line":2,"column":54},"end":{"line":2,"column":87}},"5":{"start":{"line":4,"column":11},"end":{"line":4,"column":45}},"6":{"start":{"line":5,"column":12},"end":{"line":5,"column":40}},"7":{"start":{"line":5,"column":54},"end":{"line":5,"column":83}},"8":{"start":{"line":6,"column":15},"end":{"line":6,"column":49}},"9":{"start":{"line":6,"column":66},"end":{"line":6,"column":98}},"10":{"start":{"line":8,"column":0},"end":{"line":8,"column":42}},"11":{"start":{"line":9,"column":0},"end":{"line":9,"column":55}},"12":{"start":{"line":9,"column":93},"end":{"line":9,"column":147}},"13":{"start":{"line":11,"column":0},"end":{"line":20,"column":33}}},"fnMap":{"0":{"name":"_interopRequireDefault","decl":{"start":{"line":9,"column":64},"end":{"line":9,"column":86}},"loc":{"start":{"line":9,"column":92},"end":{"line":9,"column":148}},"line":9}},"branchMap":{"0":{"loc":{"start":{"line":9,"column":100},"end":{"line":9,"column":146}},"type":"cond-expr","locations":[{"start":{"line":9,"column":124},"end":{"line":9,"column":127}},{"start":{"line":9,"column":130},"end":{"line":9,"column":146}}],"line":9},"1":{"loc":{"start":{"line":9,"column":100},"end":{"line":9,"column":121}},"type":"binary-expr","locations":[{"start":{"line":9,"column":100},"end":{"line":9,"column":103}},{"start":{"line":9,"column":107},"end":{"line":9,"column":121}}],"line":9}},"s":{"0":0,"1":0,"2":0,"3":0,"4":0,"5":0,"6":0,"7":0,"8":0,"9":0,"10":0,"11":0,"12":0,"13":0},"f":{"0":0},"b":{"0":[0,0],"1":[0,0]}}
,"/home/joseph/Github/josephmcasey.com/src/setupTests.js": {"path":"/home/joseph/Github/josephmcasey.com/src/setupTests.js","statementMap":{"0":{"start":{"line":5,"column":0},"end":{"line":5,"column":38}}},"fnMap":{},"branchMap":{},"s":{"0":2},"f":{},"b":{},"_coverageSchema":"332fd63041d2c1bcb487cc26dd0d5f7d97098a6c","hash":"c53357ef4104de8a3f62910d4857353ef550737f"}
,"/home/joseph/Github/josephmcasey.com/src/Components/Card/GenericCard.js": {"path":"/home/joseph/Github/josephmcasey.com/src/Components/Card/GenericCard.js","statementMap":{"0":{"start":{"line":8,"column":4},"end":{"line":8,"column":17}},"1":{"start":{"line":10,"column":4},"end":{"line":10,"column":29}},"2":{"start":{"line":14,"column":4},"end":{"line":14,"column":45}},"3":{"start":{"line":16,"column":44},"end":{"line":16,"column":59}},"4":{"start":{"line":18,"column":4},"end":{"line":26,"column":6}}},"fnMap":{"0":{"name":"(anonymous_0)","decl":{"start":{"line":7,"column":2},"end":{"line":7,"column":3}},"loc":{"start":{"line":7,"column":21},"end":{"line":11,"column":3}},"line":7},"1":{"name":"(anonymous_1)","decl":{"start":{"line":13,"column":2},"end":{"line":13,"column":3}},"loc":{"start":{"line":13,"column":11},"end":{"line":27,"column":3}},"line":13}},"branchMap":{},"s":{"0":0,"1":0,"2":0,"3":0,"4":0},"f":{"0":0,"1":0},"b":{},"_coverageSchema":"332fd63041d2c1bcb487cc26dd0d5f7d97098a6c","hash":"51d2e88334883b98f1a7de2aeeb4e209e8267f4e"}
,"/home/joseph/Github/josephmcasey.com/src/Components/Card/MediumCard.js": {"path":"/home/joseph/Github/josephmcasey.com/src/Components/Card/MediumCard.js","statementMap":{"0":{"start":{"line":6,"column":4},"end":{"line":6,"column":17}},"1":{"start":{"line":10,"column":4},"end":{"line":10,"column":44}},"2":{"start":{"line":12,"column":40},"end":{"line":12,"column":55}},"3":{"start":{"line":14,"column":4},"end":{"line":22,"column":6}}},"fnMap":{"0":{"name":"(anonymous_0)","decl":{"start":{"line":5,"column":2},"end":{"line":5,"column":3}},"loc":{"start":{"line":5,"column":21},"end":{"line":7,"column":3}},"line":5},"1":{"name":"(anonymous_1)","decl":{"start":{"line":9,"column":2},"end":{"line":9,"column":3}},"loc":{"start":{"line":9,"column":18},"end":{"line":23,"column":3}},"line":9}},"branchMap":{},"s":{"0":0,"1":0,"2":0,"3":0},"f":{"0":0,"1":0},"b":{},"_coverageSchema":"332fd63041d2c1bcb487cc26dd0d5f7d97098a6c","hash":"bf3d446e74d23d0e561400e2d1422b88586b24a9"}
,"/home/joseph/Github/josephmcasey.com/src/Components/Card/TwitterCard.js": {"path":"/home/joseph/Github/josephmcasey.com/src/Components/Card/TwitterCard.js","statementMap":{"0":{"start":{"line":6,"column":4},"end":{"line":6,"column":17}},"1":{"start":{"line":10,"column":4},"end":{"line":10,"column":45}},"2":{"start":{"line":12,"column":22},"end":{"line":12,"column":37}},"3":{"start":{"line":14,"column":4},"end":{"line":20,"column":6}}},"fnMap":{"0":{"name":"(anonymous_0)","decl":{"start":{"line":5,"column":2},"end":{"line":5,"column":3}},"loc":{"start":{"line":5,"column":21},"end":{"line":7,"column":3}},"line":5},"1":{"name":"(anonymous_1)","decl":{"start":{"line":9,"column":2},"end":{"line":9,"column":3}},"loc":{"start":{"line":9,"column":18},"end":{"line":21,"column":3}},"line":9}},"branchMap":{},"s":{"0":0,"1":0,"2":0,"3":0},"f":{"0":0,"1":0},"b":{},"_coverageSchema":"332fd63041d2c1bcb487cc26dd0d5f7d97098a6c","hash":"dce368c1ae7cefee90d53df07a55350d4864fbe6"}
,"/home/joseph/Github/josephmcasey.com/src/Components/Footer/Footer.js": {"path":"/home/joseph/Github/josephmcasey.com/src/Components/Footer/Footer.js","statementMap":{"0":{"start":{"line":5,"column":4},"end":{"line":11,"column":6}}},"fnMap":{"0":{"name":"(anonymous_0)","decl":{"start":{"line":4,"column":2},"end":{"line":4,"column":3}},"loc":{"start":{"line":4,"column":11},"end":{"line":12,"column":3}},"line":4}},"branchMap":{},"s":{"0":0},"f":{"0":0},"b":{},"_coverageSchema":"332fd63041d2c1bcb487cc26dd0d5f7d97098a6c","hash":"b16f7dbda1e464d1d19b41e1c21806695397b2c0"}
,"/home/joseph/Github/josephmcasey.com/src/Components/Name/Name.js": {"path":"/home/joseph/Github/josephmcasey.com/src/Components/Name/Name.js","statementMap":{"0":{"start":{"line":1,"column":13},"end":{"line":1,"column":75}},"1":{"start":{"line":1,"column":94},"end":{"line":1,"column":160}},"2":{"start":{"line":1,"column":174},"end":{"line":1,"column":190}},"3":{"start":{"line":1,"column":205},"end":{"line":1,"column":235}},"4":{"start":{"line":1,"column":274},"end":{"line":1,"column":328}},"5":{"start":{"line":8,"column":4},"end":{"line":13,"column":151}},"6":{"start":{"line":16,"column":4},"end":{"line":19,"column":5}}},"fnMap":{"0":{"name":"_interopRequireDefault","decl":{"start":{"line":1,"column":245},"end":{"line":1,"column":267}},"loc":{"start":{"line":1,"column":273},"end":{"line":1,"column":329}},"line":1},"1":{"name":"(anonymous_1)","decl":{"start":{"line":7,"column":2},"end":{"line":7,"column":3}},"loc":{"start":{"line":7,"column":11},"end":{"line":16,"column":3}},"line":7}},"branchMap":{"0":{"loc":{"start":{"line":1,"column":281},"end":{"line":1,"column":327}},"type":"cond-expr","locations":[{"start":{"line":1,"column":305},"end":{"line":1,"column":308}},{"start":{"line":1,"column":311},"end":{"line":1,"column":327}}],"line":1},"1":{"loc":{"start":{"line":1,"column":281},"end":{"line":1,"column":302}},"type":"binary-expr","locations":[{"start":{"line":1,"column":281},"end":{"line":1,"column":284}},{"start":{"line":1,"column":288},"end":{"line":1,"column":302}}],"line":1}},"s":{"0":0,"1":0,"2":0,"3":0,"4":0,"5":0,"6":0},"f":{"0":0,"1":0},"b":{"0":[0,0],"1":[0,0]}}
,"/home/joseph/Github/josephmcasey.com/src/Components/SearchResults/SearchResults.js": {"path":"/home/joseph/Github/josephmcasey.com/src/Components/SearchResults/SearchResults.js","statementMap":{"0":{"start":{"line":11,"column":4},"end":{"line":16,"column":6}}},"fnMap":{"0":{"name":"(anonymous_0)","decl":{"start":{"line":10,"column":2},"end":{"line":10,"column":3}},"loc":{"start":{"line":10,"column":11},"end":{"line":17,"column":3}},"line":10}},"branchMap":{},"s":{"0":0},"f":{"0":0},"b":{},"_coverageSchema":"332fd63041d2c1bcb487cc26dd0d5f7d97098a6c","hash":"623a8071188db8e4e4a411f7bcd29b1560afe04c"}
,"/home/joseph/Github/josephmcasey.com/src/Components/Sidebar/Sidebar.js": {"path":"/home/joseph/Github/josephmcasey.com/src/Components/Sidebar/Sidebar.js","statementMap":{"0":{"start":{"line":6,"column":4},"end":{"line":16,"column":6}}},"fnMap":{"0":{"name":"(anonymous_0)","decl":{"start":{"line":5,"column":2},"end":{"line":5,"column":3}},"loc":{"start":{"line":5,"column":11},"end":{"line":17,"column":3}},"line":5}},"branchMap":{},"s":{"0":0},"f":{"0":0},"b":{},"_coverageSchema":"332fd63041d2c1bcb487cc26dd0d5f7d97098a6c","hash":"18b24486a99ee443da8872fe27704d1b246ae7b3"}
,"/home/joseph/Github/josephmcasey.com/src/Pages/Home/Home.js": {"path":"/home/joseph/Github/josephmcasey.com/src/Pages/Home/Home.js","statementMap":{"0":{"start":{"line":8,"column":4},"end":{"line":14,"column":6}}},"fnMap":{"0":{"name":"(anonymous_0)","decl":{"start":{"line":7,"column":2},"end":{"line":7,"column":3}},"loc":{"start":{"line":7,"column":11},"end":{"line":15,"column":3}},"line":7}},"branchMap":{},"s":{"0":1},"f":{"0":1},"b":{},"_coverageSchema":"332fd63041d2c1bcb487cc26dd0d5f7d97098a6c","hash":"0084ffe443cd784efcfddc5822366d9fee20aa47"}
,"/home/joseph/Github/josephmcasey.com/src/Pages/Library/Library.js": {"path":"/home/joseph/Github/josephmcasey.com/src/Pages/Library/Library.js","statementMap":{"0":{"start":{"line":8,"column":4},"end":{"line":8,"column":17}},"1":{"start":{"line":10,"column":4},"end":{"line":45,"column":6}},"2":{"start":{"line":49,"column":20},"end":{"line":49,"column":38}},"3":{"start":{"line":51,"column":4},"end":{"line":63,"column":6}}},"fnMap":{"0":{"name":"(anonymous_0)","decl":{"start":{"line":7,"column":2},"end":{"line":7,"column":3}},"loc":{"start":{"line":7,"column":21},"end":{"line":46,"column":3}},"line":7},"1":{"name":"(anonymous_1)","decl":{"start":{"line":48,"column":2},"end":{"line":48,"column":3}},"loc":{"start":{"line":48,"column":11},"end":{"line":64,"column":3}},"line":48}},"branchMap":{},"s":{"0":1,"1":1,"2":1,"3":1},"f":{"0":1,"1":1},"b":{},"_coverageSchema":"332fd63041d2c1bcb487cc26dd0d5f7d97098a6c","hash":"3e31601386a5350654d01f0c817f14d4f6e36391"}
}
